<?xml version="1.0" encoding="UTF-8"?>
<testsuite name="com.example.project.TestBookStore" tests="6" skipped="0" failures="0" errors="0" timestamp="2025-01-27T07:27:30" hostname="codespaces-af6a06" time="0.023">
  <properties/>
  <testcase name="testAddBook()" classname="com.example.project.TestBookStore" time="0.002"/>
  <testcase name="testAddUser()" classname="com.example.project.TestBookStore" time="0.001"/>
  <testcase name="testInsertBooK()" classname="com.example.project.TestBookStore" time="0.001"/>
  <testcase name="testRemoveBook()" classname="com.example.project.TestBookStore" time="0.001"/>
  <testcase name="testRemoveUser()" classname="com.example.project.TestBookStore" time="0.004"/>
  <testcase name="testConsolidateUsers()" classname="com.example.project.TestBookStore" time="0.002"/>
  <system-out><![CDATA[]]></system-out>
  <system-err><![CDATA[]]></system-err>
</testsuite>
