<?xml version="1.0" encoding="UTF-8"?>
<testsuite name="com.example.project.TestBook" tests="3" skipped="0" failures="0" errors="0" timestamp="2025-01-27T07:27:30" hostname="codespaces-af6a06" time="0.061">
  <properties/>
  <testcase name="testBookInfo()" classname="com.example.project.TestBook" time="0.056"/>
  <testcase name="testBookConstructor()" classname="com.example.project.TestBook" time="0.0"/>
  <testcase name="testSetters()" classname="com.example.project.TestBook" time="0.001"/>
  <system-out><![CDATA[]]></system-out>
  <system-err><![CDATA[]]></system-err>
</testsuite>
